{
  "RSpec": {
    "coverage": {
      "/home/saasbook/Documents/take1000/rottenpotatoes/app/controllers/application_controller.rb": [
        1,
        1,
        null
      ],
      "/home/saasbook/Documents/take1000/rottenpotatoes/app/helpers/application_helper.rb": [
        1,
        null
      ],
      "/home/saasbook/Documents/take1000/rottenpotatoes/app/controllers/movies_controller.rb": [
        1,
        1,
        null,
        1,
        0,
        0,
        null,
        null,
        null,
        1,
        null,
        0,
        0,
        0,
        0,
        null,
        0,
        0,
        0,
        null,
        0,
        null,
        0,
        0,
        0,
        null,
        0,
        null,
        null,
        null,
        1,
        null,
        0,
        null,
        null,
        1,
        1,
        1,
        1,
        null,
        null,
        1,
        0,
        null,
        null,
        1,
        0,
        0,
        0,
        0,
        null,
        null,
        1,
        1,
        1,
        1,
        1,
        null,
        null,
        1,
        2,
        2,
        2,
        2,
        2,
        1,
        1,
        null,
        null,
        null,
        null
      ],
      "/home/saasbook/Documents/take1000/rottenpotatoes/app/models/movie.rb": [
        1,
        1,
        1,
        1,
        0,
        null,
        null,
        null
      ]
    },
    "timestamp": 1425334706
  },
  "Cucumber Features": {
    "coverage": {
      "/home/saasbook/Documents/take1000/rottenpotatoes/app/controllers/application_controller.rb": [
        1,
        1,
        null
      ],
      "/home/saasbook/Documents/take1000/rottenpotatoes/app/helpers/application_helper.rb": [
        1,
        null
      ],
      "/home/saasbook/Documents/take1000/rottenpotatoes/app/controllers/movies_controller.rb": [
        1,
        1,
        null,
        1,
        3,
        3,
        null,
        null,
        null,
        1,
        null,
        8,
        8,
        8,
        0,
        null,
        8,
        1,
        1,
        null,
        7,
        null,
        8,
        2,
        2,
        null,
        6,
        null,
        null,
        null,
        1,
        null,
        0,
        null,
        null,
        1,
        0,
        0,
        0,
        null,
        null,
        1,
        1,
        null,
        null,
        1,
        1,
        1,
        1,
        1,
        null,
        null,
        1,
        0,
        0,
        0,
        0,
        null,
        null,
        1,
        2,
        2,
        2,
        2,
        2,
        1,
        1,
        null,
        null,
        null,
        null
      ],
      "/home/saasbook/Documents/take1000/rottenpotatoes/app/models/movie.rb": [
        1,
        1,
        1,
        1,
        8,
        null,
        null,
        null
      ]
    },
    "timestamp": 1425336856
  }
}
